0 info it worked if it ends with ok
1 verbose cli [ 'C:\\Program Files\\nodejs\\\\node.exe',
1 verbose cli   'C:\\Program Files\\nodejs\\node_modules\\npm\\bin\\npm-cli.js',
1 verbose cli   'run',
1 verbose cli   'cover' ]
2 info using npm@2.11.2
3 info using node@v0.12.6
4 verbose run-script [ 'precover', 'cover', 'postcover' ]
5 info precover number-formatter-brown@0.0.2
6 info cover number-formatter-brown@0.0.2
7 verbose unsafe-perm in lifecycle true
8 info number-formatter-brown@0.0.2 Failed to exec cover script
9 verbose stack Error: number-formatter-brown@0.0.2 cover: `istanbul cover mocha -- -R spec #`
9 verbose stack Exit status 1
9 verbose stack     at EventEmitter.<anonymous> (C:\Program Files\nodejs\node_modules\npm\lib\utils\lifecycle.js:213:16)
9 verbose stack     at EventEmitter.emit (events.js:110:17)
9 verbose stack     at ChildProcess.<anonymous> (C:\Program Files\nodejs\node_modules\npm\lib\utils\spawn.js:24:14)
9 verbose stack     at ChildProcess.emit (events.js:110:17)
9 verbose stack     at maybeClose (child_process.js:1015:16)
9 verbose stack     at Process.ChildProcess._handle.onexit (child_process.js:1087:5)
10 verbose pkgid number-formatter-brown@0.0.2
11 verbose cwd C:\Users\benbrown\Desktop\apps\number-formatter-brown
12 error Windows_NT 6.3.9600
13 error argv "C:\\Program Files\\nodejs\\\\node.exe" "C:\\Program Files\\nodejs\\node_modules\\npm\\bin\\npm-cli.js" "run" "cover"
14 error node v0.12.6
15 error npm  v2.11.2
16 error code ELIFECYCLE
17 error number-formatter-brown@0.0.2 cover: `istanbul cover mocha -- -R spec #`
17 error Exit status 1
18 error Failed at the number-formatter-brown@0.0.2 cover script 'istanbul cover mocha -- -R spec #'.
18 error This is most likely a problem with the number-formatter-brown package,
18 error not with npm itself.
18 error Tell the author that this fails on your system:
18 error     istanbul cover mocha -- -R spec #
18 error You can get their info via:
18 error     npm owner ls number-formatter-brown
18 error There is likely additional logging output above.
19 verbose exit [ 1, true ]
